INFO 2025-11-12 14:31:07,284 sync_plans 16948 2312 Starting VPS plans sync from Doprax API
INFO 2025-11-12 14:31:10,025 sync_plans 16948 2312 Retrieved data for 81 locations
INFO 2025-11-12 14:31:10,297 sync_plans 16948 2312 Sync completed. Processed: 272, Created: 0, Updated: 272
ERROR 2025-11-12 14:51:05,763 log 8384 13292 Internal Server Error: /billing/dashboard/
Traceback (most recent call last):
  File "C:\Users\iraj\AppData\Roaming\Python\Python313\site-packages\django\core\handlers\exception.py", line 55, in inner
    response = get_response(request)
  File "C:\Users\iraj\AppData\Roaming\Python\Python313\site-packages\django\core\handlers\base.py", line 197, in _get_response
    response = wrapped_callback(request, *callback_args, **callback_kwargs)
  File "C:\Users\iraj\AppData\Roaming\Python\Python313\site-packages\django\contrib\auth\decorators.py", line 59, in _view_wrapper
    return view_func(request, *args, **kwargs)
  File "d:\Iraj\GrandVPS\billing\views.py", line 24, in billing_dashboard
    renewal_check = HourlyBillingService.check_wallet_balance_for_renewal(user)
                    ^^^^^^^^^^^^^^^^^^^^^^^^^^^^^^^^^^^^^^^^^^^^^^^^^^^^^
AttributeError: type object 'HourlyBillingService' has no attribute 'check_wallet_balance_for_renewal'
ERROR 2025-11-12 14:51:07,673 log 8384 13292 Internal Server Error: /
Traceback (most recent call last):
  File "C:\Users\iraj\AppData\Roaming\Python\Python313\site-packages\django\core\handlers\exception.py", line 55, in inner
    response = get_response(request)
  File "C:\Users\iraj\AppData\Roaming\Python\Python313\site-packages\django\core\handlers\base.py", line 197, in _get_response
    response = wrapped_callback(request, *callback_args, **callback_kwargs)
  File "C:\Users\iraj\AppData\Roaming\Python\Python313\site-packages\django\contrib\auth\decorators.py", line 59, in _view_wrapper
    return view_func(request, *args, **kwargs)
  File "d:\Iraj\GrandVPS\dashboard\views.py", line 30, in dashboard
    ).order_by('-created_at')[:5]
      ~~~~~~~~^^^^^^^^^^^^^^^
  File "C:\Users\iraj\AppData\Roaming\Python\Python313\site-packages\django\db\models\query.py", line 1727, in order_by
    obj.query.add_ordering(*field_names)
    ~~~~~~~~~~~~~~~~~~~~~~^^^^^^^^^^^^^^
  File "C:\Users\iraj\AppData\Roaming\Python\Python313\site-packages\django\db\models\sql\query.py", line 2305, in add_ordering
    self.names_to_path(item.split(LOOKUP_SEP), self.model._meta)
    ~~~~~~~~~~~~~~~~~~^^^^^^^^^^^^^^^^^^^^^^^^^^^^^^^^^^^^^^^^^^
  File "C:\Users\iraj\AppData\Roaming\Python\Python313\site-packages\django\db\models\sql\query.py", line 1806, in names_to_path
    raise FieldError(
    ...<2 lines>...
    )
django.core.exceptions.FieldError: Cannot resolve keyword 'created_at' into field. Choices are: amount, description, id, reference_id, status, timestamp, transaction_type, wallet, wallet_id
ERROR 2025-11-12 14:51:09,521 log 8384 13292 Internal Server Error: /
Traceback (most recent call last):
  File "C:\Users\iraj\AppData\Roaming\Python\Python313\site-packages\django\core\handlers\exception.py", line 55, in inner
    response = get_response(request)
  File "C:\Users\iraj\AppData\Roaming\Python\Python313\site-packages\django\core\handlers\base.py", line 197, in _get_response
    response = wrapped_callback(request, *callback_args, **callback_kwargs)
  File "C:\Users\iraj\AppData\Roaming\Python\Python313\site-packages\django\contrib\auth\decorators.py", line 59, in _view_wrapper
    return view_func(request, *args, **kwargs)
  File "d:\Iraj\GrandVPS\dashboard\views.py", line 30, in dashboard
    ).order_by('-created_at')[:5]
      ~~~~~~~~^^^^^^^^^^^^^^^
  File "C:\Users\iraj\AppData\Roaming\Python\Python313\site-packages\django\db\models\query.py", line 1727, in order_by
    obj.query.add_ordering(*field_names)
    ~~~~~~~~~~~~~~~~~~~~~~^^^^^^^^^^^^^^
  File "C:\Users\iraj\AppData\Roaming\Python\Python313\site-packages\django\db\models\sql\query.py", line 2305, in add_ordering
    self.names_to_path(item.split(LOOKUP_SEP), self.model._meta)
    ~~~~~~~~~~~~~~~~~~^^^^^^^^^^^^^^^^^^^^^^^^^^^^^^^^^^^^^^^^^^
  File "C:\Users\iraj\AppData\Roaming\Python\Python313\site-packages\django\db\models\sql\query.py", line 1806, in names_to_path
    raise FieldError(
    ...<2 lines>...
    )
django.core.exceptions.FieldError: Cannot resolve keyword 'created_at' into field. Choices are: amount, description, id, reference_id, status, timestamp, transaction_type, wallet, wallet_id
ERROR 2025-11-12 14:51:11,221 log 8384 13292 Internal Server Error: /
Traceback (most recent call last):
  File "C:\Users\iraj\AppData\Roaming\Python\Python313\site-packages\django\core\handlers\exception.py", line 55, in inner
    response = get_response(request)
  File "C:\Users\iraj\AppData\Roaming\Python\Python313\site-packages\django\core\handlers\base.py", line 197, in _get_response
    response = wrapped_callback(request, *callback_args, **callback_kwargs)
  File "C:\Users\iraj\AppData\Roaming\Python\Python313\site-packages\django\contrib\auth\decorators.py", line 59, in _view_wrapper
    return view_func(request, *args, **kwargs)
  File "d:\Iraj\GrandVPS\dashboard\views.py", line 30, in dashboard
    ).order_by('-created_at')[:5]
      ~~~~~~~~^^^^^^^^^^^^^^^
  File "C:\Users\iraj\AppData\Roaming\Python\Python313\site-packages\django\db\models\query.py", line 1727, in order_by
    obj.query.add_ordering(*field_names)
    ~~~~~~~~~~~~~~~~~~~~~~^^^^^^^^^^^^^^
  File "C:\Users\iraj\AppData\Roaming\Python\Python313\site-packages\django\db\models\sql\query.py", line 2305, in add_ordering
    self.names_to_path(item.split(LOOKUP_SEP), self.model._meta)
    ~~~~~~~~~~~~~~~~~~^^^^^^^^^^^^^^^^^^^^^^^^^^^^^^^^^^^^^^^^^^
  File "C:\Users\iraj\AppData\Roaming\Python\Python313\site-packages\django\db\models\sql\query.py", line 1806, in names_to_path
    raise FieldError(
    ...<2 lines>...
    )
django.core.exceptions.FieldError: Cannot resolve keyword 'created_at' into field. Choices are: amount, description, id, reference_id, status, timestamp, transaction_type, wallet, wallet_id
ERROR 2025-11-12 14:51:13,692 log 8384 13292 Internal Server Error: /vps/
Traceback (most recent call last):
  File "C:\Users\iraj\AppData\Roaming\Python\Python313\site-packages\django\core\handlers\exception.py", line 55, in inner
    response = get_response(request)
  File "C:\Users\iraj\AppData\Roaming\Python\Python313\site-packages\django\core\handlers\base.py", line 197, in _get_response
    response = wrapped_callback(request, *callback_args, **callback_kwargs)
  File "C:\Users\iraj\AppData\Roaming\Python\Python313\site-packages\django\contrib\auth\decorators.py", line 59, in _view_wrapper
    return view_func(request, *args, **kwargs)
  File "d:\Iraj\GrandVPS\vps\views.py", line 31, in vps_dashboard
    expiring_soon_count = vps_instances.filter(
                          ~~~~~~~~~~~~~~~~~~~~^
        expiry_date__lte=timezone.now() + timedelta(days=7),
        ^^^^^^^^^^^^^^^^^^^^^^^^^^^^^^^^^^^^^^^^^^^^^^^^^^^^
        expiry_date__gte=timezone.now(),
        ^^^^^^^^^^^^^^^^^^^^^^^^^^^^^^^^
        status='active'
        ^^^^^^^^^^^^^^^
    ).count()
    ^
  File "C:\Users\iraj\AppData\Roaming\Python\Python313\site-packages\django\db\models\query.py", line 1495, in filter
    return self._filter_or_exclude(False, args, kwargs)
           ~~~~~~~~~~~~~~~~~~~~~~~^^^^^^^^^^^^^^^^^^^^^
  File "C:\Users\iraj\AppData\Roaming\Python\Python313\site-packages\django\db\models\query.py", line 1513, in _filter_or_exclude
    clone._filter_or_exclude_inplace(negate, args, kwargs)
    ~~~~~~~~~~~~~~~~~~~~~~~~~~~~~~~~^^^^^^^^^^^^^^^^^^^^^^
  File "C:\Users\iraj\AppData\Roaming\Python\Python313\site-packages\django\db\models\query.py", line 1523, in _filter_or_exclude_inplace
    self._query.add_q(Q(*args, **kwargs))
    ~~~~~~~~~~~~~~~~~^^^^^^^^^^^^^^^^^^^^
  File "C:\Users\iraj\AppData\Roaming\Python\Python313\site-packages\django\db\models\sql\query.py", line 1646, in add_q
    clause, _ = self._add_q(q_object, can_reuse)
                ~~~~~~~~~~~^^^^^^^^^^^^^^^^^^^^^
  File "C:\Users\iraj\AppData\Roaming\Python\Python313\site-packages\django\db\models\sql\query.py", line 1678, in _add_q
    child_clause, needed_inner = self.build_filter(
                                 ~~~~~~~~~~~~~~~~~^
        child,
        ^^^^^^
    ...<7 lines>...
        update_join_types=update_join_types,
        ^^^^^^^^^^^^^^^^^^^^^^^^^^^^^^^^^^^^
    )
    ^
  File "C:\Users\iraj\AppData\Roaming\Python\Python313\site-packages\django\db\models\sql\query.py", line 1526, in build_filter
    lookups, parts, reffed_expression = self.solve_lookup_type(arg, summarize)
                                        ~~~~~~~~~~~~~~~~~~~~~~^^^^^^^^^^^^^^^^
  File "C:\Users\iraj\AppData\Roaming\Python\Python313\site-packages\django\db\models\sql\query.py", line 1333, in solve_lookup_type
    _, field, _, lookup_parts = self.names_to_path(lookup_splitted, self.get_meta())
                                ~~~~~~~~~~~~~~~~~~^^^^^^^^^^^^^^^^^^^^^^^^^^^^^^^^^^
  File "C:\Users\iraj\AppData\Roaming\Python\Python313\site-packages\django\db\models\sql\query.py", line 1806, in names_to_path
    raise FieldError(
    ...<2 lines>...
    )
django.core.exceptions.FieldError: Cannot resolve keyword 'expiry_date' into field. Choices are: created_at, expires_at, id, instance_id, ip_address, plan, plan_id, status, user, user_id
ERROR 2025-11-12 14:51:17,500 log 8384 13292 Internal Server Error: /wallet/deposit/
Traceback (most recent call last):
  File "C:\Users\iraj\AppData\Roaming\Python\Python313\site-packages\redis\connection.py", line 264, in connect
    sock = self.retry.call_with_retry(
        lambda: self._connect(), lambda error: self.disconnect(error)
    )
  File "C:\Users\iraj\AppData\Roaming\Python\Python313\site-packages\redis\retry.py", line 46, in call_with_retry
    return do()
  File "C:\Users\iraj\AppData\Roaming\Python\Python313\site-packages\redis\connection.py", line 265, in <lambda>
    lambda: self._connect(), lambda error: self.disconnect(error)
            ~~~~~~~~~~~~~^^
  File "C:\Users\iraj\AppData\Roaming\Python\Python313\site-packages\redis\connection.py", line 627, in _connect
    raise err
  File "C:\Users\iraj\AppData\Roaming\Python\Python313\site-packages\redis\connection.py", line 615, in _connect
    sock.connect(socket_address)
    ~~~~~~~~~~~~^^^^^^^^^^^^^^^^
ConnectionRefusedError: [WinError 10061] No connection could be made because the target machine actively refused it

During handling of the above exception, another exception occurred:

Traceback (most recent call last):
  File "C:\Users\iraj\AppData\Roaming\Python\Python313\site-packages\django\core\handlers\exception.py", line 55, in inner
    response = get_response(request)
  File "C:\Users\iraj\AppData\Roaming\Python\Python313\site-packages\django\core\handlers\base.py", line 197, in _get_response
    response = wrapped_callback(request, *callback_args, **callback_kwargs)
  File "C:\Users\iraj\AppData\Roaming\Python\Python313\site-packages\django\contrib\auth\decorators.py", line 59, in _view_wrapper
    return view_func(request, *args, **kwargs)
  File "C:\Users\iraj\AppData\Roaming\Python\Python313\site-packages\django\views\decorators\http.py", line 64, in inner
    return func(request, *args, **kwargs)
  File "d:\Iraj\GrandVPS\wallet\views.py", line 21, in wrapper
    requests = cache.get(cache_key, 0)
  File "C:\Users\iraj\AppData\Roaming\Python\Python313\site-packages\django\core\cache\backends\redis.py", line 188, in get
    return self._cache.get(key, default)
           ~~~~~~~~~~~~~~~^^^^^^^^^^^^^^
  File "C:\Users\iraj\AppData\Roaming\Python\Python313\site-packages\django\core\cache\backends\redis.py", line 100, in get
    value = client.get(key)
  File "C:\Users\iraj\AppData\Roaming\Python\Python313\site-packages\redis\commands\core.py", line 1829, in get
    return self.execute_command("GET", name)
           ~~~~~~~~~~~~~~~~~~~~^^^^^^^^^^^^^
  File "C:\Users\iraj\AppData\Roaming\Python\Python313\site-packages\redis\client.py", line 533, in execute_command
    conn = self.connection or pool.get_connection(command_name, **options)
                              ~~~~~~~~~~~~~~~~~~~^^^^^^^^^^^^^^^^^^^^^^^^^
  File "C:\Users\iraj\AppData\Roaming\Python\Python313\site-packages\redis\connection.py", line 1086, in get_connection
    connection.connect()
    ~~~~~~~~~~~~~~~~~~^^
  File "C:\Users\iraj\AppData\Roaming\Python\Python313\site-packages\redis\connection.py", line 270, in connect
    raise ConnectionError(self._error_message(e))
redis.exceptions.ConnectionError: Error 10061 connecting to 127.0.0.1:6379. No connection could be made because the target machine actively refused it.
ERROR 2025-11-12 14:51:58,375 log 10344 16040 Internal Server Error: /billing/history/
Traceback (most recent call last):
  File "C:\Users\iraj\AppData\Roaming\Python\Python313\site-packages\django\core\handlers\exception.py", line 55, in inner
    response = get_response(request)
  File "C:\Users\iraj\AppData\Roaming\Python\Python313\site-packages\django\core\handlers\base.py", line 197, in _get_response
    response = wrapped_callback(request, *callback_args, **callback_kwargs)
  File "C:\Users\iraj\AppData\Roaming\Python\Python313\site-packages\django\contrib\auth\decorators.py", line 59, in _view_wrapper
    return view_func(request, *args, **kwargs)
  File "d:\Iraj\GrandVPS\billing\views.py", line 98, in billing_history
    return render(request, 'billing/history.html', context)
  File "C:\Users\iraj\AppData\Roaming\Python\Python313\site-packages\django\shortcuts.py", line 25, in render
    content = loader.render_to_string(template_name, context, request, using=using)
  File "C:\Users\iraj\AppData\Roaming\Python\Python313\site-packages\django\template\loader.py", line 61, in render_to_string
    template = get_template(template_name, using=using)
  File "C:\Users\iraj\AppData\Roaming\Python\Python313\site-packages\django\template\loader.py", line 15, in get_template
    return engine.get_template(template_name)
           ~~~~~~~~~~~~~~~~~~~^^^^^^^^^^^^^^^
  File "C:\Users\iraj\AppData\Roaming\Python\Python313\site-packages\django\template\backends\django.py", line 79, in get_template
    return Template(self.engine.get_template(template_name), self)
                    ~~~~~~~~~~~~~~~~~~~~~~~~^^^^^^^^^^^^^^^
  File "C:\Users\iraj\AppData\Roaming\Python\Python313\site-packages\django\template\engine.py", line 177, in get_template
    template, origin = self.find_template(template_name)
                       ~~~~~~~~~~~~~~~~~~^^^^^^^^^^^^^^^
  File "C:\Users\iraj\AppData\Roaming\Python\Python313\site-packages\django\template\engine.py", line 159, in find_template
    template = loader.get_template(name, skip=skip)
  File "C:\Users\iraj\AppData\Roaming\Python\Python313\site-packages\django\template\loaders\cached.py", line 57, in get_template
    template = super().get_template(template_name, skip)
  File "C:\Users\iraj\AppData\Roaming\Python\Python313\site-packages\django\template\loaders\base.py", line 28, in get_template
    return Template(
        contents,
    ...<2 lines>...
        self.engine,
    )
  File "C:\Users\iraj\AppData\Roaming\Python\Python313\site-packages\django\template\base.py", line 154, in __init__
    self.nodelist = self.compile_nodelist()
                    ~~~~~~~~~~~~~~~~~~~~~^^
  File "C:\Users\iraj\AppData\Roaming\Python\Python313\site-packages\django\template\base.py", line 196, in compile_nodelist
    nodelist = parser.parse()
  File "C:\Users\iraj\AppData\Roaming\Python\Python313\site-packages\django\template\base.py", line 518, in parse
    raise self.error(token, e)
  File "C:\Users\iraj\AppData\Roaming\Python\Python313\site-packages\django\template\base.py", line 516, in parse
    compiled_result = compile_func(self, token)
  File "C:\Users\iraj\AppData\Roaming\Python\Python313\site-packages\django\template\loader_tags.py", line 299, in do_extends
    nodelist = parser.parse()
  File "C:\Users\iraj\AppData\Roaming\Python\Python313\site-packages\django\template\base.py", line 518, in parse
    raise self.error(token, e)
  File "C:\Users\iraj\AppData\Roaming\Python\Python313\site-packages\django\template\base.py", line 516, in parse
    compiled_result = compile_func(self, token)
  File "C:\Users\iraj\AppData\Roaming\Python\Python313\site-packages\django\template\loader_tags.py", line 234, in do_block
    nodelist = parser.parse(("endblock",))
  File "C:\Users\iraj\AppData\Roaming\Python\Python313\site-packages\django\template\base.py", line 489, in parse
    raise self.error(token, e)
  File "C:\Users\iraj\AppData\Roaming\Python\Python313\site-packages\django\template\base.py", line 487, in parse
    filter_expression = self.compile_filter(token.contents)
  File "C:\Users\iraj\AppData\Roaming\Python\Python313\site-packages\django\template\base.py", line 609, in compile_filter
    return FilterExpression(token, self)
  File "C:\Users\iraj\AppData\Roaming\Python\Python313\site-packages\django\template\base.py", line 705, in __init__
    filter_func = parser.find_filter(filter_name)
  File "C:\Users\iraj\AppData\Roaming\Python\Python313\site-packages\django\template\base.py", line 615, in find_filter
    raise TemplateSyntaxError("Invalid filter: '%s'" % filter_name)
django.template.exceptions.TemplateSyntaxError: Invalid filter: 'intcomma'
ERROR 2025-11-12 14:52:03,104 log 10344 16040 Internal Server Error: /vps/create/
Traceback (most recent call last):
  File "C:\Users\iraj\AppData\Roaming\Python\Python313\site-packages\django\core\handlers\exception.py", line 55, in inner
    response = get_response(request)
  File "C:\Users\iraj\AppData\Roaming\Python\Python313\site-packages\django\core\handlers\base.py", line 197, in _get_response
    response = wrapped_callback(request, *callback_args, **callback_kwargs)
  File "C:\Users\iraj\AppData\Roaming\Python\Python313\site-packages\django\contrib\auth\decorators.py", line 59, in _view_wrapper
    return view_func(request, *args, **kwargs)
  File "d:\Iraj\GrandVPS\vps\views.py", line 51, in create_vps
    form = VPSCreationForm(request.POST)
  File "d:\Iraj\GrandVPS\vps\forms.py", line 41, in __init__
    self._load_dynamic_choices()
    ~~~~~~~~~~~~~~~~~~~~~~~~~~^^
  File "d:\Iraj\GrandVPS\vps\forms.py", line 55, in _load_dynamic_choices
    f"{loc['name']} ({loc.get('country', 'Unknown')}) - {loc.get('provider', 'Unknown')}"
       ~~~^^^^^^^^
KeyError: 'name'
ERROR 2025-11-12 14:52:57,155 doprax_client 8404 3024 Doprax API request failed: GET /api/v1/vms/journey-test-vm-456/ - 500 Server Error: Internal Server Error for url: https://www.doprax.com/api/v1/vms/journey-test-vm-456/
ERROR 2025-11-12 14:53:00,666 doprax_client 8404 3024 Doprax API request failed: GET /api/v1/vms/acceptance-test-vm-123/ - 500 Server Error: Internal Server Error for url: https://www.doprax.com/api/v1/vms/acceptance-test-vm-123/
ERROR 2025-11-12 14:53:35,486 doprax_client 11760 17360 Doprax API request failed: GET /api/v1/vms/journey-test-vm-456/ - 500 Server Error: Internal Server Error for url: https://www.doprax.com/api/v1/vms/journey-test-vm-456/
ERROR 2025-11-12 14:53:38,667 doprax_client 11760 17360 Doprax API request failed: GET /api/v1/vms/acceptance-test-vm-123/ - 500 Server Error: Internal Server Error for url: https://www.doprax.com/api/v1/vms/acceptance-test-vm-123/
ERROR 2025-11-12 14:57:00,695 doprax_client 16372 1748 Doprax API request failed: GET /api/v1/vms/acceptance-test-vm-123/ - 500 Server Error: Internal Server Error for url: https://www.doprax.com/api/v1/vms/acceptance-test-vm-123/
ERROR 2025-11-12 15:16:56,938 log 2568 10940 Internal Server Error: /billing/dashboard/
Traceback (most recent call last):
  File "C:\Users\iraj\AppData\Roaming\Python\Python313\site-packages\django\core\handlers\exception.py", line 55, in inner
    response = get_response(request)
  File "C:\Users\iraj\AppData\Roaming\Python\Python313\site-packages\django\core\handlers\base.py", line 197, in _get_response
    response = wrapped_callback(request, *callback_args, **callback_kwargs)
  File "C:\Users\iraj\AppData\Roaming\Python\Python313\site-packages\django\contrib\auth\decorators.py", line 59, in _view_wrapper
    return view_func(request, *args, **kwargs)
  File "d:\Iraj\GrandVPS\billing\views.py", line 24, in billing_dashboard
    renewal_check = HourlyBillingService.check_wallet_balance_for_renewal(user)
                    ^^^^^^^^^^^^^^^^^^^^^^^^^^^^^^^^^^^^^^^^^^^^^^^^^^^^^
AttributeError: type object 'HourlyBillingService' has no attribute 'check_wallet_balance_for_renewal'
ERROR 2025-11-12 15:16:59,472 log 2568 10940 Internal Server Error: /billing/history/
Traceback (most recent call last):
  File "C:\Users\iraj\AppData\Roaming\Python\Python313\site-packages\django\core\handlers\exception.py", line 55, in inner
    response = get_response(request)
  File "C:\Users\iraj\AppData\Roaming\Python\Python313\site-packages\django\core\handlers\base.py", line 197, in _get_response
    response = wrapped_callback(request, *callback_args, **callback_kwargs)
  File "C:\Users\iraj\AppData\Roaming\Python\Python313\site-packages\django\contrib\auth\decorators.py", line 59, in _view_wrapper
    return view_func(request, *args, **kwargs)
  File "d:\Iraj\GrandVPS\billing\views.py", line 98, in billing_history
    return render(request, 'billing/history.html', context)
  File "C:\Users\iraj\AppData\Roaming\Python\Python313\site-packages\django\shortcuts.py", line 25, in render
    content = loader.render_to_string(template_name, context, request, using=using)
  File "C:\Users\iraj\AppData\Roaming\Python\Python313\site-packages\django\template\loader.py", line 61, in render_to_string
    template = get_template(template_name, using=using)
  File "C:\Users\iraj\AppData\Roaming\Python\Python313\site-packages\django\template\loader.py", line 15, in get_template
    return engine.get_template(template_name)
           ~~~~~~~~~~~~~~~~~~~^^^^^^^^^^^^^^^
  File "C:\Users\iraj\AppData\Roaming\Python\Python313\site-packages\django\template\backends\django.py", line 79, in get_template
    return Template(self.engine.get_template(template_name), self)
                    ~~~~~~~~~~~~~~~~~~~~~~~~^^^^^^^^^^^^^^^
  File "C:\Users\iraj\AppData\Roaming\Python\Python313\site-packages\django\template\engine.py", line 177, in get_template
    template, origin = self.find_template(template_name)
                       ~~~~~~~~~~~~~~~~~~^^^^^^^^^^^^^^^
  File "C:\Users\iraj\AppData\Roaming\Python\Python313\site-packages\django\template\engine.py", line 159, in find_template
    template = loader.get_template(name, skip=skip)
  File "C:\Users\iraj\AppData\Roaming\Python\Python313\site-packages\django\template\loaders\cached.py", line 57, in get_template
    template = super().get_template(template_name, skip)
  File "C:\Users\iraj\AppData\Roaming\Python\Python313\site-packages\django\template\loaders\base.py", line 28, in get_template
    return Template(
        contents,
    ...<2 lines>...
        self.engine,
    )
  File "C:\Users\iraj\AppData\Roaming\Python\Python313\site-packages\django\template\base.py", line 154, in __init__
    self.nodelist = self.compile_nodelist()
                    ~~~~~~~~~~~~~~~~~~~~~^^
  File "C:\Users\iraj\AppData\Roaming\Python\Python313\site-packages\django\template\base.py", line 196, in compile_nodelist
    nodelist = parser.parse()
  File "C:\Users\iraj\AppData\Roaming\Python\Python313\site-packages\django\template\base.py", line 518, in parse
    raise self.error(token, e)
  File "C:\Users\iraj\AppData\Roaming\Python\Python313\site-packages\django\template\base.py", line 516, in parse
    compiled_result = compile_func(self, token)
  File "C:\Users\iraj\AppData\Roaming\Python\Python313\site-packages\django\template\loader_tags.py", line 299, in do_extends
    nodelist = parser.parse()
  File "C:\Users\iraj\AppData\Roaming\Python\Python313\site-packages\django\template\base.py", line 518, in parse
    raise self.error(token, e)
  File "C:\Users\iraj\AppData\Roaming\Python\Python313\site-packages\django\template\base.py", line 516, in parse
    compiled_result = compile_func(self, token)
  File "C:\Users\iraj\AppData\Roaming\Python\Python313\site-packages\django\template\loader_tags.py", line 234, in do_block
    nodelist = parser.parse(("endblock",))
  File "C:\Users\iraj\AppData\Roaming\Python\Python313\site-packages\django\template\base.py", line 489, in parse
    raise self.error(token, e)
  File "C:\Users\iraj\AppData\Roaming\Python\Python313\site-packages\django\template\base.py", line 487, in parse
    filter_expression = self.compile_filter(token.contents)
  File "C:\Users\iraj\AppData\Roaming\Python\Python313\site-packages\django\template\base.py", line 609, in compile_filter
    return FilterExpression(token, self)
  File "C:\Users\iraj\AppData\Roaming\Python\Python313\site-packages\django\template\base.py", line 705, in __init__
    filter_func = parser.find_filter(filter_name)
  File "C:\Users\iraj\AppData\Roaming\Python\Python313\site-packages\django\template\base.py", line 615, in find_filter
    raise TemplateSyntaxError("Invalid filter: '%s'" % filter_name)
django.template.exceptions.TemplateSyntaxError: Invalid filter: 'intcomma'
WARNING 2025-11-12 15:17:23,140 log 2568 10940 Not Found: /billing/invoice/1/
INFO 2025-11-12 15:18:13,683 sync_plans 2568 10940 Starting VPS plans sync from Doprax API
INFO 2025-11-12 15:18:13,684 sync_plans 2568 10940 Retrieved data for 1 locations
INFO 2025-11-12 15:18:13,685 sync_plans 2568 10940 Sync completed. Processed: 1, Created: 1, Updated: 0
INFO 2025-11-12 15:18:13,690 sync_plans 2568 10940 Starting VPS plans sync from Doprax API
INFO 2025-11-12 15:18:13,691 sync_plans 2568 10940 Retrieved data for 0 locations
INFO 2025-11-12 15:18:13,691 sync_plans 2568 10940 Sync completed. Processed: 0, Created: 0, Updated: 0
ERROR 2025-11-12 15:18:26,920 forms 2568 10940 Failed to load dynamic choices: API Error
ERROR 2025-11-12 15:18:55,429 log 2568 10940 Internal Server Error: /vps/
Traceback (most recent call last):
  File "C:\Users\iraj\AppData\Roaming\Python\Python313\site-packages\django\core\handlers\exception.py", line 55, in inner
    response = get_response(request)
  File "C:\Users\iraj\AppData\Roaming\Python\Python313\site-packages\django\core\handlers\base.py", line 197, in _get_response
    response = wrapped_callback(request, *callback_args, **callback_kwargs)
  File "C:\Users\iraj\AppData\Roaming\Python\Python313\site-packages\django\contrib\auth\decorators.py", line 59, in _view_wrapper
    return view_func(request, *args, **kwargs)
  File "d:\Iraj\GrandVPS\vps\views.py", line 44, in vps_dashboard
    return render(request, 'vps/dashboard.html', context)
  File "C:\Users\iraj\AppData\Roaming\Python\Python313\site-packages\django\shortcuts.py", line 25, in render
    content = loader.render_to_string(template_name, context, request, using=using)
  File "C:\Users\iraj\AppData\Roaming\Python\Python313\site-packages\django\template\loader.py", line 61, in render_to_string
    template = get_template(template_name, using=using)
  File "C:\Users\iraj\AppData\Roaming\Python\Python313\site-packages\django\template\loader.py", line 15, in get_template
    return engine.get_template(template_name)
           ~~~~~~~~~~~~~~~~~~~^^^^^^^^^^^^^^^
  File "C:\Users\iraj\AppData\Roaming\Python\Python313\site-packages\django\template\backends\django.py", line 79, in get_template
    return Template(self.engine.get_template(template_name), self)
                    ~~~~~~~~~~~~~~~~~~~~~~~~^^^^^^^^^^^^^^^
  File "C:\Users\iraj\AppData\Roaming\Python\Python313\site-packages\django\template\engine.py", line 177, in get_template
    template, origin = self.find_template(template_name)
                       ~~~~~~~~~~~~~~~~~~^^^^^^^^^^^^^^^
  File "C:\Users\iraj\AppData\Roaming\Python\Python313\site-packages\django\template\engine.py", line 159, in find_template
    template = loader.get_template(name, skip=skip)
  File "C:\Users\iraj\AppData\Roaming\Python\Python313\site-packages\django\template\loaders\cached.py", line 57, in get_template
    template = super().get_template(template_name, skip)
  File "C:\Users\iraj\AppData\Roaming\Python\Python313\site-packages\django\template\loaders\base.py", line 28, in get_template
    return Template(
        contents,
    ...<2 lines>...
        self.engine,
    )
  File "C:\Users\iraj\AppData\Roaming\Python\Python313\site-packages\django\template\base.py", line 154, in __init__
    self.nodelist = self.compile_nodelist()
                    ~~~~~~~~~~~~~~~~~~~~~^^
  File "C:\Users\iraj\AppData\Roaming\Python\Python313\site-packages\django\template\base.py", line 196, in compile_nodelist
    nodelist = parser.parse()
  File "C:\Users\iraj\AppData\Roaming\Python\Python313\site-packages\django\template\base.py", line 518, in parse
    raise self.error(token, e)
  File "C:\Users\iraj\AppData\Roaming\Python\Python313\site-packages\django\template\base.py", line 516, in parse
    compiled_result = compile_func(self, token)
  File "C:\Users\iraj\AppData\Roaming\Python\Python313\site-packages\django\template\loader_tags.py", line 299, in do_extends
    nodelist = parser.parse()
  File "C:\Users\iraj\AppData\Roaming\Python\Python313\site-packages\django\template\base.py", line 518, in parse
    raise self.error(token, e)
  File "C:\Users\iraj\AppData\Roaming\Python\Python313\site-packages\django\template\base.py", line 516, in parse
    compiled_result = compile_func(self, token)
  File "C:\Users\iraj\AppData\Roaming\Python\Python313\site-packages\django\template\loader_tags.py", line 234, in do_block
    nodelist = parser.parse(("endblock",))
  File "C:\Users\iraj\AppData\Roaming\Python\Python313\site-packages\django\template\base.py", line 489, in parse
    raise self.error(token, e)
  File "C:\Users\iraj\AppData\Roaming\Python\Python313\site-packages\django\template\base.py", line 487, in parse
    filter_expression = self.compile_filter(token.contents)
  File "C:\Users\iraj\AppData\Roaming\Python\Python313\site-packages\django\template\base.py", line 609, in compile_filter
    return FilterExpression(token, self)
  File "C:\Users\iraj\AppData\Roaming\Python\Python313\site-packages\django\template\base.py", line 705, in __init__
    filter_func = parser.find_filter(filter_name)
  File "C:\Users\iraj\AppData\Roaming\Python\Python313\site-packages\django\template\base.py", line 615, in find_filter
    raise TemplateSyntaxError("Invalid filter: '%s'" % filter_name)
django.template.exceptions.TemplateSyntaxError: Invalid filter: 'intcomma'
ERROR 2025-11-12 15:19:26,912 log 2568 10940 Internal Server Error: /wallet/deposit/
Traceback (most recent call last):
  File "C:\Users\iraj\AppData\Roaming\Python\Python313\site-packages\redis\connection.py", line 264, in connect
    sock = self.retry.call_with_retry(
        lambda: self._connect(), lambda error: self.disconnect(error)
    )
  File "C:\Users\iraj\AppData\Roaming\Python\Python313\site-packages\redis\retry.py", line 46, in call_with_retry
    return do()
  File "C:\Users\iraj\AppData\Roaming\Python\Python313\site-packages\redis\connection.py", line 265, in <lambda>
    lambda: self._connect(), lambda error: self.disconnect(error)
            ~~~~~~~~~~~~~^^
  File "C:\Users\iraj\AppData\Roaming\Python\Python313\site-packages\redis\connection.py", line 627, in _connect
    raise err
  File "C:\Users\iraj\AppData\Roaming\Python\Python313\site-packages\redis\connection.py", line 615, in _connect
    sock.connect(socket_address)
    ~~~~~~~~~~~~^^^^^^^^^^^^^^^^
ConnectionRefusedError: [WinError 10061] No connection could be made because the target machine actively refused it

During handling of the above exception, another exception occurred:

Traceback (most recent call last):
  File "C:\Users\iraj\AppData\Roaming\Python\Python313\site-packages\django\core\handlers\exception.py", line 55, in inner
    response = get_response(request)
  File "C:\Users\iraj\AppData\Roaming\Python\Python313\site-packages\django\core\handlers\base.py", line 197, in _get_response
    response = wrapped_callback(request, *callback_args, **callback_kwargs)
  File "C:\Users\iraj\AppData\Roaming\Python\Python313\site-packages\django\contrib\auth\decorators.py", line 59, in _view_wrapper
    return view_func(request, *args, **kwargs)
  File "C:\Users\iraj\AppData\Roaming\Python\Python313\site-packages\django\views\decorators\http.py", line 64, in inner
    return func(request, *args, **kwargs)
  File "d:\Iraj\GrandVPS\wallet\views.py", line 21, in wrapper
    requests = cache.get(cache_key, 0)
  File "C:\Users\iraj\AppData\Roaming\Python\Python313\site-packages\django\core\cache\backends\redis.py", line 188, in get
    return self._cache.get(key, default)
           ~~~~~~~~~~~~~~~^^^^^^^^^^^^^^
  File "C:\Users\iraj\AppData\Roaming\Python\Python313\site-packages\django\core\cache\backends\redis.py", line 100, in get
    value = client.get(key)
  File "C:\Users\iraj\AppData\Roaming\Python\Python313\site-packages\redis\commands\core.py", line 1829, in get
    return self.execute_command("GET", name)
           ~~~~~~~~~~~~~~~~~~~~^^^^^^^^^^^^^
  File "C:\Users\iraj\AppData\Roaming\Python\Python313\site-packages\redis\client.py", line 533, in execute_command
    conn = self.connection or pool.get_connection(command_name, **options)
                              ~~~~~~~~~~~~~~~~~~~^^^^^^^^^^^^^^^^^^^^^^^^^
  File "C:\Users\iraj\AppData\Roaming\Python\Python313\site-packages\redis\connection.py", line 1086, in get_connection
    connection.connect()
    ~~~~~~~~~~~~~~~~~~^^
  File "C:\Users\iraj\AppData\Roaming\Python\Python313\site-packages\redis\connection.py", line 270, in connect
    raise ConnectionError(self._error_message(e))
redis.exceptions.ConnectionError: Error 10061 connecting to 127.0.0.1:6379. No connection could be made because the target machine actively refused it.
ERROR 2025-11-12 15:19:30,912 log 2568 10940 Internal Server Error: /wallet/deposit/
Traceback (most recent call last):
  File "C:\Users\iraj\AppData\Roaming\Python\Python313\site-packages\redis\connection.py", line 264, in connect
    sock = self.retry.call_with_retry(
        lambda: self._connect(), lambda error: self.disconnect(error)
    )
  File "C:\Users\iraj\AppData\Roaming\Python\Python313\site-packages\redis\retry.py", line 46, in call_with_retry
    return do()
  File "C:\Users\iraj\AppData\Roaming\Python\Python313\site-packages\redis\connection.py", line 265, in <lambda>
    lambda: self._connect(), lambda error: self.disconnect(error)
            ~~~~~~~~~~~~~^^
  File "C:\Users\iraj\AppData\Roaming\Python\Python313\site-packages\redis\connection.py", line 627, in _connect
    raise err
  File "C:\Users\iraj\AppData\Roaming\Python\Python313\site-packages\redis\connection.py", line 615, in _connect
    sock.connect(socket_address)
    ~~~~~~~~~~~~^^^^^^^^^^^^^^^^
ConnectionRefusedError: [WinError 10061] No connection could be made because the target machine actively refused it

During handling of the above exception, another exception occurred:

Traceback (most recent call last):
  File "C:\Users\iraj\AppData\Roaming\Python\Python313\site-packages\django\core\handlers\exception.py", line 55, in inner
    response = get_response(request)
  File "C:\Users\iraj\AppData\Roaming\Python\Python313\site-packages\django\core\handlers\base.py", line 197, in _get_response
    response = wrapped_callback(request, *callback_args, **callback_kwargs)
  File "C:\Users\iraj\AppData\Roaming\Python\Python313\site-packages\django\contrib\auth\decorators.py", line 59, in _view_wrapper
    return view_func(request, *args, **kwargs)
  File "C:\Users\iraj\AppData\Roaming\Python\Python313\site-packages\django\views\decorators\http.py", line 64, in inner
    return func(request, *args, **kwargs)
  File "d:\Iraj\GrandVPS\wallet\views.py", line 21, in wrapper
    requests = cache.get(cache_key, 0)
  File "C:\Users\iraj\AppData\Roaming\Python\Python313\site-packages\django\core\cache\backends\redis.py", line 188, in get
    return self._cache.get(key, default)
           ~~~~~~~~~~~~~~~^^^^^^^^^^^^^^
  File "C:\Users\iraj\AppData\Roaming\Python\Python313\site-packages\django\core\cache\backends\redis.py", line 100, in get
    value = client.get(key)
  File "C:\Users\iraj\AppData\Roaming\Python\Python313\site-packages\redis\commands\core.py", line 1829, in get
    return self.execute_command("GET", name)
           ~~~~~~~~~~~~~~~~~~~~^^^^^^^^^^^^^
  File "C:\Users\iraj\AppData\Roaming\Python\Python313\site-packages\redis\client.py", line 533, in execute_command
    conn = self.connection or pool.get_connection(command_name, **options)
                              ~~~~~~~~~~~~~~~~~~~^^^^^^^^^^^^^^^^^^^^^^^^^
  File "C:\Users\iraj\AppData\Roaming\Python\Python313\site-packages\redis\connection.py", line 1086, in get_connection
    connection.connect()
    ~~~~~~~~~~~~~~~~~~^^
  File "C:\Users\iraj\AppData\Roaming\Python\Python313\site-packages\redis\connection.py", line 270, in connect
    raise ConnectionError(self._error_message(e))
redis.exceptions.ConnectionError: Error 10061 connecting to 127.0.0.1:6379. No connection could be made because the target machine actively refused it.
ERROR 2025-11-12 15:19:35,038 log 2568 10940 Internal Server Error: /wallet/deposit/
Traceback (most recent call last):
  File "C:\Users\iraj\AppData\Roaming\Python\Python313\site-packages\redis\connection.py", line 264, in connect
    sock = self.retry.call_with_retry(
        lambda: self._connect(), lambda error: self.disconnect(error)
    )
  File "C:\Users\iraj\AppData\Roaming\Python\Python313\site-packages\redis\retry.py", line 46, in call_with_retry
    return do()
  File "C:\Users\iraj\AppData\Roaming\Python\Python313\site-packages\redis\connection.py", line 265, in <lambda>
    lambda: self._connect(), lambda error: self.disconnect(error)
            ~~~~~~~~~~~~~^^
  File "C:\Users\iraj\AppData\Roaming\Python\Python313\site-packages\redis\connection.py", line 627, in _connect
    raise err
  File "C:\Users\iraj\AppData\Roaming\Python\Python313\site-packages\redis\connection.py", line 615, in _connect
    sock.connect(socket_address)
    ~~~~~~~~~~~~^^^^^^^^^^^^^^^^
ConnectionRefusedError: [WinError 10061] No connection could be made because the target machine actively refused it

During handling of the above exception, another exception occurred:

Traceback (most recent call last):
  File "C:\Users\iraj\AppData\Roaming\Python\Python313\site-packages\django\core\handlers\exception.py", line 55, in inner
    response = get_response(request)
  File "C:\Users\iraj\AppData\Roaming\Python\Python313\site-packages\django\core\handlers\base.py", line 197, in _get_response
    response = wrapped_callback(request, *callback_args, **callback_kwargs)
  File "C:\Users\iraj\AppData\Roaming\Python\Python313\site-packages\django\contrib\auth\decorators.py", line 59, in _view_wrapper
    return view_func(request, *args, **kwargs)
  File "C:\Users\iraj\AppData\Roaming\Python\Python313\site-packages\django\views\decorators\http.py", line 64, in inner
    return func(request, *args, **kwargs)
  File "d:\Iraj\GrandVPS\wallet\views.py", line 21, in wrapper
    requests = cache.get(cache_key, 0)
  File "C:\Users\iraj\AppData\Roaming\Python\Python313\site-packages\django\core\cache\backends\redis.py", line 188, in get
    return self._cache.get(key, default)
           ~~~~~~~~~~~~~~~^^^^^^^^^^^^^^
  File "C:\Users\iraj\AppData\Roaming\Python\Python313\site-packages\django\core\cache\backends\redis.py", line 100, in get
    value = client.get(key)
  File "C:\Users\iraj\AppData\Roaming\Python\Python313\site-packages\redis\commands\core.py", line 1829, in get
    return self.execute_command("GET", name)
           ~~~~~~~~~~~~~~~~~~~~^^^^^^^^^^^^^
  File "C:\Users\iraj\AppData\Roaming\Python\Python313\site-packages\redis\client.py", line 533, in execute_command
    conn = self.connection or pool.get_connection(command_name, **options)
                              ~~~~~~~~~~~~~~~~~~~^^^^^^^^^^^^^^^^^^^^^^^^^
  File "C:\Users\iraj\AppData\Roaming\Python\Python313\site-packages\redis\connection.py", line 1086, in get_connection
    connection.connect()
    ~~~~~~~~~~~~~~~~~~^^
  File "C:\Users\iraj\AppData\Roaming\Python\Python313\site-packages\redis\connection.py", line 270, in connect
    raise ConnectionError(self._error_message(e))
redis.exceptions.ConnectionError: Error 10061 connecting to 127.0.0.1:6379. No connection could be made because the target machine actively refused it.
WARNING 2025-11-12 15:19:40,537 log 2568 10940 Bad Request: /wallet/webhook/
WARNING 2025-11-12 15:19:44,120 log 2568 10940 Not Found: /wallet/webhook/
ERROR 2025-11-12 15:19:47,909 log 2568 10940 Internal Server Error: /wallet/withdraw/
Traceback (most recent call last):
  File "C:\Users\iraj\AppData\Roaming\Python\Python313\site-packages\redis\connection.py", line 264, in connect
    sock = self.retry.call_with_retry(
        lambda: self._connect(), lambda error: self.disconnect(error)
    )
  File "C:\Users\iraj\AppData\Roaming\Python\Python313\site-packages\redis\retry.py", line 46, in call_with_retry
    return do()
  File "C:\Users\iraj\AppData\Roaming\Python\Python313\site-packages\redis\connection.py", line 265, in <lambda>
    lambda: self._connect(), lambda error: self.disconnect(error)
            ~~~~~~~~~~~~~^^
  File "C:\Users\iraj\AppData\Roaming\Python\Python313\site-packages\redis\connection.py", line 627, in _connect
    raise err
  File "C:\Users\iraj\AppData\Roaming\Python\Python313\site-packages\redis\connection.py", line 615, in _connect
    sock.connect(socket_address)
    ~~~~~~~~~~~~^^^^^^^^^^^^^^^^
ConnectionRefusedError: [WinError 10061] No connection could be made because the target machine actively refused it

During handling of the above exception, another exception occurred:

Traceback (most recent call last):
  File "C:\Users\iraj\AppData\Roaming\Python\Python313\site-packages\django\core\handlers\exception.py", line 55, in inner
    response = get_response(request)
  File "C:\Users\iraj\AppData\Roaming\Python\Python313\site-packages\django\core\handlers\base.py", line 197, in _get_response
    response = wrapped_callback(request, *callback_args, **callback_kwargs)
  File "C:\Users\iraj\AppData\Roaming\Python\Python313\site-packages\django\contrib\auth\decorators.py", line 59, in _view_wrapper
    return view_func(request, *args, **kwargs)
  File "C:\Users\iraj\AppData\Roaming\Python\Python313\site-packages\django\views\decorators\http.py", line 64, in inner
    return func(request, *args, **kwargs)
  File "d:\Iraj\GrandVPS\wallet\views.py", line 21, in wrapper
    requests = cache.get(cache_key, 0)
  File "C:\Users\iraj\AppData\Roaming\Python\Python313\site-packages\django\core\cache\backends\redis.py", line 188, in get
    return self._cache.get(key, default)
           ~~~~~~~~~~~~~~~^^^^^^^^^^^^^^
  File "C:\Users\iraj\AppData\Roaming\Python\Python313\site-packages\django\core\cache\backends\redis.py", line 100, in get
    value = client.get(key)
  File "C:\Users\iraj\AppData\Roaming\Python\Python313\site-packages\redis\commands\core.py", line 1829, in get
    return self.execute_command("GET", name)
           ~~~~~~~~~~~~~~~~~~~~^^^^^^^^^^^^^
  File "C:\Users\iraj\AppData\Roaming\Python\Python313\site-packages\redis\client.py", line 533, in execute_command
    conn = self.connection or pool.get_connection(command_name, **options)
                              ~~~~~~~~~~~~~~~~~~~^^^^^^^^^^^^^^^^^^^^^^^^^
  File "C:\Users\iraj\AppData\Roaming\Python\Python313\site-packages\redis\connection.py", line 1086, in get_connection
    connection.connect()
    ~~~~~~~~~~~~~~~~~~^^
  File "C:\Users\iraj\AppData\Roaming\Python\Python313\site-packages\redis\connection.py", line 270, in connect
    raise ConnectionError(self._error_message(e))
redis.exceptions.ConnectionError: Error 10061 connecting to 127.0.0.1:6379. No connection could be made because the target machine actively refused it.
ERROR 2025-11-12 15:19:51,812 log 2568 10940 Internal Server Error: /wallet/withdraw/
Traceback (most recent call last):
  File "C:\Users\iraj\AppData\Roaming\Python\Python313\site-packages\redis\connection.py", line 264, in connect
    sock = self.retry.call_with_retry(
        lambda: self._connect(), lambda error: self.disconnect(error)
    )
  File "C:\Users\iraj\AppData\Roaming\Python\Python313\site-packages\redis\retry.py", line 46, in call_with_retry
    return do()
  File "C:\Users\iraj\AppData\Roaming\Python\Python313\site-packages\redis\connection.py", line 265, in <lambda>
    lambda: self._connect(), lambda error: self.disconnect(error)
            ~~~~~~~~~~~~~^^
  File "C:\Users\iraj\AppData\Roaming\Python\Python313\site-packages\redis\connection.py", line 627, in _connect
    raise err
  File "C:\Users\iraj\AppData\Roaming\Python\Python313\site-packages\redis\connection.py", line 615, in _connect
    sock.connect(socket_address)
    ~~~~~~~~~~~~^^^^^^^^^^^^^^^^
ConnectionRefusedError: [WinError 10061] No connection could be made because the target machine actively refused it

During handling of the above exception, another exception occurred:

Traceback (most recent call last):
  File "C:\Users\iraj\AppData\Roaming\Python\Python313\site-packages\django\core\handlers\exception.py", line 55, in inner
    response = get_response(request)
  File "C:\Users\iraj\AppData\Roaming\Python\Python313\site-packages\django\core\handlers\base.py", line 197, in _get_response
    response = wrapped_callback(request, *callback_args, **callback_kwargs)
  File "C:\Users\iraj\AppData\Roaming\Python\Python313\site-packages\django\contrib\auth\decorators.py", line 59, in _view_wrapper
    return view_func(request, *args, **kwargs)
  File "C:\Users\iraj\AppData\Roaming\Python\Python313\site-packages\django\views\decorators\http.py", line 64, in inner
    return func(request, *args, **kwargs)
  File "d:\Iraj\GrandVPS\wallet\views.py", line 21, in wrapper
    requests = cache.get(cache_key, 0)
  File "C:\Users\iraj\AppData\Roaming\Python\Python313\site-packages\django\core\cache\backends\redis.py", line 188, in get
    return self._cache.get(key, default)
           ~~~~~~~~~~~~~~~^^^^^^^^^^^^^^
  File "C:\Users\iraj\AppData\Roaming\Python\Python313\site-packages\django\core\cache\backends\redis.py", line 100, in get
    value = client.get(key)
  File "C:\Users\iraj\AppData\Roaming\Python\Python313\site-packages\redis\commands\core.py", line 1829, in get
    return self.execute_command("GET", name)
           ~~~~~~~~~~~~~~~~~~~~^^^^^^^^^^^^^
  File "C:\Users\iraj\AppData\Roaming\Python\Python313\site-packages\redis\client.py", line 533, in execute_command
    conn = self.connection or pool.get_connection(command_name, **options)
                              ~~~~~~~~~~~~~~~~~~~^^^^^^^^^^^^^^^^^^^^^^^^^
  File "C:\Users\iraj\AppData\Roaming\Python\Python313\site-packages\redis\connection.py", line 1086, in get_connection
    connection.connect()
    ~~~~~~~~~~~~~~~~~~^^
  File "C:\Users\iraj\AppData\Roaming\Python\Python313\site-packages\redis\connection.py", line 270, in connect
    raise ConnectionError(self._error_message(e))
redis.exceptions.ConnectionError: Error 10061 connecting to 127.0.0.1:6379. No connection could be made because the target machine actively refused it.
WARNING 2025-11-12 15:21:18,542 log 12756 16264 Not Found: /billing/invoice/1/
INFO 2025-11-12 15:22:09,478 sync_plans 12756 16264 Starting VPS plans sync from Doprax API
INFO 2025-11-12 15:22:09,478 sync_plans 12756 16264 Retrieved data for 1 locations
INFO 2025-11-12 15:22:09,479 sync_plans 12756 16264 Sync completed. Processed: 1, Created: 1, Updated: 0
INFO 2025-11-12 15:22:09,480 sync_plans 12756 16264 Starting VPS plans sync from Doprax API
INFO 2025-11-12 15:22:09,481 sync_plans 12756 16264 Retrieved data for 0 locations
INFO 2025-11-12 15:22:09,481 sync_plans 12756 16264 Sync completed. Processed: 0, Created: 0, Updated: 0
ERROR 2025-11-12 15:22:19,121 forms 12756 16264 Failed to load dynamic choices: API Error
ERROR 2025-11-12 15:23:16,577 log 12756 16264 Internal Server Error: /wallet/deposit/
Traceback (most recent call last):
  File "C:\Users\iraj\AppData\Roaming\Python\Python313\site-packages\django\core\handlers\exception.py", line 55, in inner
    response = get_response(request)
  File "C:\Users\iraj\AppData\Roaming\Python\Python313\site-packages\django\core\handlers\base.py", line 197, in _get_response
    response = wrapped_callback(request, *callback_args, **callback_kwargs)
  File "C:\Users\iraj\AppData\Roaming\Python\Python313\site-packages\django\contrib\auth\decorators.py", line 59, in _view_wrapper
    return view_func(request, *args, **kwargs)
  File "C:\Users\iraj\AppData\Roaming\Python\Python313\site-packages\django\views\decorators\http.py", line 64, in inner
    return func(request, *args, **kwargs)
  File "d:\Iraj\GrandVPS\wallet\views.py", line 25, in wrapper
    return view_func(request, *args, **kwargs)
  File "d:\Iraj\GrandVPS\wallet\views.py", line 93, in initiate_deposit
    return redirect('wallet_dashboard')
  File "C:\Users\iraj\AppData\Roaming\Python\Python313\site-packages\django\shortcuts.py", line 51, in redirect
    resolve_url(to, *args, **kwargs),
    ~~~~~~~~~~~^^^^^^^^^^^^^^^^^^^^^
  File "C:\Users\iraj\AppData\Roaming\Python\Python313\site-packages\django\shortcuts.py", line 184, in resolve_url
    return reverse(to, args=args, kwargs=kwargs)
  File "C:\Users\iraj\AppData\Roaming\Python\Python313\site-packages\django\urls\base.py", line 98, in reverse
    resolved_url = resolver._reverse_with_prefix(view, prefix, *args, **kwargs)
  File "C:\Users\iraj\AppData\Roaming\Python\Python313\site-packages\django\urls\resolvers.py", line 831, in _reverse_with_prefix
    raise NoReverseMatch(msg)
django.urls.exceptions.NoReverseMatch: Reverse for 'wallet_dashboard' not found. 'wallet_dashboard' is not a valid view function or pattern name.
ERROR 2025-11-12 15:23:18,197 log 12756 16264 Internal Server Error: /wallet/deposit/
Traceback (most recent call last):
  File "C:\Users\iraj\AppData\Roaming\Python\Python313\site-packages\django\core\handlers\exception.py", line 55, in inner
    response = get_response(request)
  File "C:\Users\iraj\AppData\Roaming\Python\Python313\site-packages\django\core\handlers\base.py", line 197, in _get_response
    response = wrapped_callback(request, *callback_args, **callback_kwargs)
  File "C:\Users\iraj\AppData\Roaming\Python\Python313\site-packages\django\contrib\auth\decorators.py", line 59, in _view_wrapper
    return view_func(request, *args, **kwargs)
  File "C:\Users\iraj\AppData\Roaming\Python\Python313\site-packages\django\views\decorators\http.py", line 64, in inner
    return func(request, *args, **kwargs)
  File "d:\Iraj\GrandVPS\wallet\views.py", line 25, in wrapper
    return view_func(request, *args, **kwargs)
  File "d:\Iraj\GrandVPS\wallet\views.py", line 96, in initiate_deposit
    return redirect('wallet_dashboard')
  File "C:\Users\iraj\AppData\Roaming\Python\Python313\site-packages\django\shortcuts.py", line 51, in redirect
    resolve_url(to, *args, **kwargs),
    ~~~~~~~~~~~^^^^^^^^^^^^^^^^^^^^^
  File "C:\Users\iraj\AppData\Roaming\Python\Python313\site-packages\django\shortcuts.py", line 184, in resolve_url
    return reverse(to, args=args, kwargs=kwargs)
  File "C:\Users\iraj\AppData\Roaming\Python\Python313\site-packages\django\urls\base.py", line 98, in reverse
    resolved_url = resolver._reverse_with_prefix(view, prefix, *args, **kwargs)
  File "C:\Users\iraj\AppData\Roaming\Python\Python313\site-packages\django\urls\resolvers.py", line 831, in _reverse_with_prefix
    raise NoReverseMatch(msg)
django.urls.exceptions.NoReverseMatch: Reverse for 'wallet_dashboard' not found. 'wallet_dashboard' is not a valid view function or pattern name.
WARNING 2025-11-12 15:23:23,143 log 12756 16264 Bad Request: /wallet/webhook/
WARNING 2025-11-12 15:23:26,415 log 12756 16264 Not Found: /wallet/webhook/
ERROR 2025-11-12 15:23:28,117 log 12756 16264 Internal Server Error: /wallet/withdraw/
Traceback (most recent call last):
  File "d:\Iraj\GrandVPS\wallet\views.py", line 113, in request_withdrawal
    return redirect('wallet_dashboard')
  File "C:\Users\iraj\AppData\Roaming\Python\Python313\site-packages\django\shortcuts.py", line 51, in redirect
    resolve_url(to, *args, **kwargs),
    ~~~~~~~~~~~^^^^^^^^^^^^^^^^^^^^^
  File "C:\Users\iraj\AppData\Roaming\Python\Python313\site-packages\django\shortcuts.py", line 184, in resolve_url
    return reverse(to, args=args, kwargs=kwargs)
  File "C:\Users\iraj\AppData\Roaming\Python\Python313\site-packages\django\urls\base.py", line 98, in reverse
    resolved_url = resolver._reverse_with_prefix(view, prefix, *args, **kwargs)
  File "C:\Users\iraj\AppData\Roaming\Python\Python313\site-packages\django\urls\resolvers.py", line 831, in _reverse_with_prefix
    raise NoReverseMatch(msg)
django.urls.exceptions.NoReverseMatch: Reverse for 'wallet_dashboard' not found. 'wallet_dashboard' is not a valid view function or pattern name.

During handling of the above exception, another exception occurred:

Traceback (most recent call last):
  File "C:\Users\iraj\AppData\Roaming\Python\Python313\site-packages\django\core\handlers\exception.py", line 55, in inner
    response = get_response(request)
  File "C:\Users\iraj\AppData\Roaming\Python\Python313\site-packages\django\core\handlers\base.py", line 197, in _get_response
    response = wrapped_callback(request, *callback_args, **callback_kwargs)
  File "C:\Users\iraj\AppData\Roaming\Python\Python313\site-packages\django\contrib\auth\decorators.py", line 59, in _view_wrapper
    return view_func(request, *args, **kwargs)
  File "C:\Users\iraj\AppData\Roaming\Python\Python313\site-packages\django\views\decorators\http.py", line 64, in inner
    return func(request, *args, **kwargs)
  File "d:\Iraj\GrandVPS\wallet\views.py", line 25, in wrapper
    return view_func(request, *args, **kwargs)
  File "d:\Iraj\GrandVPS\wallet\views.py", line 129, in request_withdrawal
    return redirect('wallet_dashboard')
  File "C:\Users\iraj\AppData\Roaming\Python\Python313\site-packages\django\shortcuts.py", line 51, in redirect
    resolve_url(to, *args, **kwargs),
    ~~~~~~~~~~~^^^^^^^^^^^^^^^^^^^^^
  File "C:\Users\iraj\AppData\Roaming\Python\Python313\site-packages\django\shortcuts.py", line 184, in resolve_url
    return reverse(to, args=args, kwargs=kwargs)
  File "C:\Users\iraj\AppData\Roaming\Python\Python313\site-packages\django\urls\base.py", line 98, in reverse
    resolved_url = resolver._reverse_with_prefix(view, prefix, *args, **kwargs)
  File "C:\Users\iraj\AppData\Roaming\Python\Python313\site-packages\django\urls\resolvers.py", line 831, in _reverse_with_prefix
    raise NoReverseMatch(msg)
django.urls.exceptions.NoReverseMatch: Reverse for 'wallet_dashboard' not found. 'wallet_dashboard' is not a valid view function or pattern name.
ERROR 2025-11-12 15:23:29,902 log 12756 16264 Internal Server Error: /wallet/withdraw/
Traceback (most recent call last):
  File "d:\Iraj\GrandVPS\wallet\views.py", line 125, in request_withdrawal
    return redirect('wallet_dashboard')
  File "C:\Users\iraj\AppData\Roaming\Python\Python313\site-packages\django\shortcuts.py", line 51, in redirect
    resolve_url(to, *args, **kwargs),
    ~~~~~~~~~~~^^^^^^^^^^^^^^^^^^^^^
  File "C:\Users\iraj\AppData\Roaming\Python\Python313\site-packages\django\shortcuts.py", line 184, in resolve_url
    return reverse(to, args=args, kwargs=kwargs)
  File "C:\Users\iraj\AppData\Roaming\Python\Python313\site-packages\django\urls\base.py", line 98, in reverse
    resolved_url = resolver._reverse_with_prefix(view, prefix, *args, **kwargs)
  File "C:\Users\iraj\AppData\Roaming\Python\Python313\site-packages\django\urls\resolvers.py", line 831, in _reverse_with_prefix
    raise NoReverseMatch(msg)
django.urls.exceptions.NoReverseMatch: Reverse for 'wallet_dashboard' not found. 'wallet_dashboard' is not a valid view function or pattern name.

During handling of the above exception, another exception occurred:

Traceback (most recent call last):
  File "C:\Users\iraj\AppData\Roaming\Python\Python313\site-packages\django\core\handlers\exception.py", line 55, in inner
    response = get_response(request)
  File "C:\Users\iraj\AppData\Roaming\Python\Python313\site-packages\django\core\handlers\base.py", line 197, in _get_response
    response = wrapped_callback(request, *callback_args, **callback_kwargs)
  File "C:\Users\iraj\AppData\Roaming\Python\Python313\site-packages\django\contrib\auth\decorators.py", line 59, in _view_wrapper
    return view_func(request, *args, **kwargs)
  File "C:\Users\iraj\AppData\Roaming\Python\Python313\site-packages\django\views\decorators\http.py", line 64, in inner
    return func(request, *args, **kwargs)
  File "d:\Iraj\GrandVPS\wallet\views.py", line 25, in wrapper
    return view_func(request, *args, **kwargs)
  File "d:\Iraj\GrandVPS\wallet\views.py", line 129, in request_withdrawal
    return redirect('wallet_dashboard')
  File "C:\Users\iraj\AppData\Roaming\Python\Python313\site-packages\django\shortcuts.py", line 51, in redirect
    resolve_url(to, *args, **kwargs),
    ~~~~~~~~~~~^^^^^^^^^^^^^^^^^^^^^
  File "C:\Users\iraj\AppData\Roaming\Python\Python313\site-packages\django\shortcuts.py", line 184, in resolve_url
    return reverse(to, args=args, kwargs=kwargs)
  File "C:\Users\iraj\AppData\Roaming\Python\Python313\site-packages\django\urls\base.py", line 98, in reverse
    resolved_url = resolver._reverse_with_prefix(view, prefix, *args, **kwargs)
  File "C:\Users\iraj\AppData\Roaming\Python\Python313\site-packages\django\urls\resolvers.py", line 831, in _reverse_with_prefix
    raise NoReverseMatch(msg)
django.urls.exceptions.NoReverseMatch: Reverse for 'wallet_dashboard' not found. 'wallet_dashboard' is not a valid view function or pattern name.
